23:36:58 [dm] navigating to inbox
23:37:32 [dm] found 4 unseen reels across 15 threads
23:37:32 [dm] --- summary ---
23:37:32 [dm] threads with unseen messages: 15
23:37:32 [dm]   thread: 1252429730376003
23:37:32 [dm]   thread: 109723340417546
23:37:32 [dm]   thread: 17844919850465581
23:37:32 [dm]   thread: 120351146019562
23:37:32 [dm]   thread: 113313563400796
23:37:32 [dm]   thread: 6014974055273658
23:37:32 [dm]   thread: 8812753525508734
23:37:32 [dm]   thread: 17849312289218236
23:37:32 [dm]   thread: 119553766099144
23:37:32 [dm]   thread: 118771056175366
23:37:32 [dm]   thread: 103778927685766
23:37:32 [dm]   thread: 118657732860001
23:37:32 [dm]   thread: 109704340427920
23:37:32 [dm]   thread: 109345230458912
23:37:32 [dm]   thread: 111901823539281
23:37:32 [dm] unseen reel entries: 4
23:37:32 [dm]   PK=3870798585044085894 author=@makinsondevices sent_by=@oliverohrt
23:37:32 [dm]     URL: https://www.instagram.com/reel/DW31s4CoyyG/?id=3870798585044085894_80427021932&is_sponsored=false&is_ineligible_for_clips_chaining=false
23:37:32 [dm]   PK=3870076437881870599 author=@deshaunmcole sent_by=@oliverohrt
23:37:32 [dm]     URL: https://www.instagram.com/reel/DW1RgQFjtkH/?id=3870076437881870599_5748251042&is_sponsored=false&is_ineligible_for_clips_chaining=false
23:37:32 [dm]   PK=3862508344778946710 author=@florencehyna sent_by=@tedwong561
23:37:32 [dm]     URL: https://www.instagram.com/reel/DWaYuAIh_iW/?id=3862508344778946710_9196534932&is_sponsored=false&is_ineligible_for_clips_chaining=false
23:37:32 [dm]   PK=3866545547766846739 author=@jewishjonah sent_by=@tedwong561
23:37:32 [dm]     URL: https://www.instagram.com/reel/DWourCagtUT/?id=3866545547766846739_193680351&is_sponsored=false&is_ineligible_for_clips_chaining=false
23:37:32 [dm] done: 4 entries found
23:44:32 [dm] navigating to inbox
23:45:06 [dm] found 4 unseen reels across 15 threads
23:45:06 [dm] --- summary ---
23:45:06 [dm] threads with unseen messages: 15
23:45:06 [dm]   thread: 1252429730376003
23:45:06 [dm]   thread: 120351146019562
23:45:06 [dm]   thread: 109723340417546
23:45:06 [dm]   thread: 119553766099144
23:45:06 [dm]   thread: 8812753525508734
23:45:06 [dm]   thread: 6014974055273658
23:45:06 [dm]   thread: 118657732860001
23:45:06 [dm]   thread: 17849312289218236
23:45:06 [dm]   thread: 109704340427920
23:45:06 [dm]   thread: 109345230458912
23:45:06 [dm]   thread: 113313563400796
23:45:06 [dm]   thread: 118771056175366
23:45:06 [dm]   thread: 111901823539281
23:45:06 [dm]   thread: 103778927685766
23:45:06 [dm]   thread: 17844919850465581
23:45:06 [dm] unseen reel entries: 4
23:45:06 [dm]   PK=3862508344778946710 author=@florencehyna sent_by=@tedwong561
23:45:06 [dm]     URL: https://www.instagram.com/reel/DWaYuAIh_iW/?id=3862508344778946710_9196534932&is_sponsored=false&is_ineligible_for_clips_chaining=false
23:45:06 [dm]   PK=3866545547766846739 author=@jewishjonah sent_by=@tedwong561
23:45:06 [dm]     URL: https://www.instagram.com/reel/DWourCagtUT/?id=3866545547766846739_193680351&is_sponsored=false&is_ineligible_for_clips_chaining=false
23:45:06 [dm]   PK=3870798585044085894 author=@makinsondevices sent_by=@oliverohrt
23:45:06 [dm]     URL: https://www.instagram.com/reel/DW31s4CoyyG/?id=3870798585044085894_80427021932&is_sponsored=false&is_ineligible_for_clips_chaining=false
23:45:06 [dm]   PK=3870076437881870599 author=@deshaunmcole sent_by=@oliverohrt
23:45:06 [dm]     URL: https://www.instagram.com/reel/DW1RgQFjtkH/?id=3870076437881870599_5748251042&is_sponsored=false&is_ineligible_for_clips_chaining=false
23:45:06 [dm] done: 4 entries found
23:53:45 [dm] navigating to inbox
23:53:54 [dm] found 4 unseen reels across 15 threads
23:53:54 [dm] --- summary ---
23:53:54 [dm] threads with unseen messages: 15
23:53:54 [dm]   thread: 1252429730376003
23:53:54 [dm]   thread: 109723340417546
23:53:54 [dm]   thread: 120351146019562
23:53:54 [dm]   thread: 17849312289218236
23:53:54 [dm]   thread: 119553766099144
23:53:54 [dm]   thread: 8812753525508734
23:53:54 [dm]   thread: 118771056175366
23:53:54 [dm]   thread: 6014974055273658
23:53:54 [dm]   thread: 103778927685766
23:53:54 [dm]   thread: 109704340427920
23:53:54 [dm]   thread: 118657732860001
23:53:54 [dm]   thread: 109345230458912
23:53:54 [dm]   thread: 17844919850465581
23:53:54 [dm]   thread: 111901823539281
23:53:54 [dm]   thread: 113313563400796
23:53:54 [dm] unseen reel entries: 4
23:53:54 [dm]   PK=3862508344778946710 author=@florencehyna sent_by=@tedwong561
23:53:54 [dm]     URL: https://www.instagram.com/reel/DWaYuAIh_iW/?id=3862508344778946710_9196534932&is_sponsored=false&is_ineligible_for_clips_chaining=false
23:53:54 [dm]   PK=3866545547766846739 author=@jewishjonah sent_by=@tedwong561
23:53:54 [dm]     URL: https://www.instagram.com/reel/DWourCagtUT/?id=3866545547766846739_193680351&is_sponsored=false&is_ineligible_for_clips_chaining=false
23:53:54 [dm]   PK=3870798585044085894 author=@makinsondevices sent_by=@oliverohrt
23:53:54 [dm]     URL: https://www.instagram.com/reel/DW31s4CoyyG/?id=3870798585044085894_80427021932&is_sponsored=false&is_ineligible_for_clips_chaining=false
23:53:54 [dm]   PK=3870076437881870599 author=@deshaunmcole sent_by=@oliverohrt
23:53:54 [dm]     URL: https://www.instagram.com/reel/DW1RgQFjtkH/?id=3870076437881870599_5748251042&is_sponsored=false&is_ineligible_for_clips_chaining=false
23:53:54 [dm] resolving reel 1/4: PK=3862508344778946710 url=https://www.instagram.com/reel/DWaYuAIh_iW/?id=3862508344778946710_9196534932&is_sponsored=false&is_ineligible_for_clips_chaining=false
23:54:03 [dm]   resolved: @florencehyna code=DWaYuAIh_iW
23:54:03 [dm] resolving reel 2/4: PK=3866545547766846739 url=https://www.instagram.com/reel/DWourCagtUT/?id=3866545547766846739_193680351&is_sponsored=false&is_ineligible_for_clips_chaining=false
23:54:10 [dm]   resolved: @jewishjonah code=DWourCagtUT
23:54:10 [dm] resolving reel 3/4: PK=3870798585044085894 url=https://www.instagram.com/reel/DW31s4CoyyG/?id=3870798585044085894_80427021932&is_sponsored=false&is_ineligible_for_clips_chaining=false
23:54:18 [dm]   resolved: @makinsondevices code=DW31s4CoyyG
23:54:18 [dm] resolving reel 4/4: PK=3870076437881870599 url=https://www.instagram.com/reel/DW1RgQFjtkH/?id=3870076437881870599_5748251042&is_sponsored=false&is_ineligible_for_clips_chaining=false
23:54:28 [dm]   resolved: @deshaunmcole code=DW1RgQFjtkH
23:54:28 [dm] resolved 4/4 reels, downloading
23:54:29 [dm]   downloaded dm_DWaYuAIh_iW.mp4 (6053822 bytes)
23:54:30 [dm]   downloaded dm_DWourCagtUT.mp4 (7699599 bytes)
23:54:30 [dm]   downloaded dm_DW31s4CoyyG.mp4 (853178 bytes)
23:54:30 [dm]   downloaded dm_DW1RgQFjtkH.mp4 (1014878 bytes)
23:54:30 [dm] done: 4 DM reels ready
